app/build/intermediates/manifest_merge_blame_file/debug/manifest-merger-blame-debug-report.txt
1<?xml version="1.0" encoding="utf-8"?>
2<manifest xmlns:android="http://schemas.android.com/apk/res/android"
3    package="com.example.android.wifidirect"
4    android:versionCode="1"
5    android:versionName="1.0" >
6
7    <uses-sdk
8        android:minSdkVersion="22"
8-->src/main/AndroidManifest.xml
9        android:targetSdkVersion="29" />
9-->src/main/AndroidManifest.xml
10
11    <uses-permission android:name="android.permission.ACCESS_WIFI_STATE" />
11-->src/main/AndroidManifest.xml:5:5-76
11-->src/main/AndroidManifest.xml:5:22-73
12    <uses-permission android:name="android.permission.CHANGE_WIFI_STATE" />
12-->src/main/AndroidManifest.xml:6:5-76
12-->src/main/AndroidManifest.xml:6:22-73
13    <uses-permission android:name="android.permission.CHANGE_NETWORK_STATE" />
13-->src/main/AndroidManifest.xml:7:5-79
13-->src/main/AndroidManifest.xml:7:22-76
14    <uses-permission android:name="android.permission.INTERNET" />
14-->src/main/AndroidManifest.xml:8:5-67
14-->src/main/AndroidManifest.xml:8:22-64
15    <uses-permission android:name="android.permission.ACCESS_NETWORK_STATE" />
15-->src/main/AndroidManifest.xml:9:5-79
15-->src/main/AndroidManifest.xml:9:22-76
16    <uses-permission android:name="android.permission.READ_PHONE_STATE" />
16-->src/main/AndroidManifest.xml:10:5-75
16-->src/main/AndroidManifest.xml:10:22-72
17    <uses-permission android:name="android.permission.WRITE_EXTERNAL_STORAGE" />
17-->src/main/AndroidManifest.xml:11:5-81
17-->src/main/AndroidManifest.xml:11:22-78
18
19    <!-- Google Play filtering -->
20    <uses-feature
20-->src/main/AndroidManifest.xml:14:5-88
21        android:name="android.hardware.wifi.direct"
21-->src/main/AndroidManifest.xml:14:19-62
22        android:required="true" />
22-->src/main/AndroidManifest.xml:14:63-86
23
24    <application
24-->src/main/AndroidManifest.xml:16:5-34:19
25        android:debuggable="true"
26        android:icon="@drawable/ic_launcher"
26-->src/main/AndroidManifest.xml:17:9-45
27        android:label="@string/app_name"
27-->src/main/AndroidManifest.xml:18:9-41
28        android:testOnly="true"
29        android:theme="@android:style/Theme.Holo" >
29-->src/main/AndroidManifest.xml:19:9-50
30        <activity
30-->src/main/AndroidManifest.xml:20:9-29:20
31            android:name="com.example.android.wifidirect.WiFiDirectActivity"
31-->src/main/AndroidManifest.xml:21:13-47
32            android:label="@string/app_name"
32-->src/main/AndroidManifest.xml:22:13-45
33            android:launchMode="singleTask" >
33-->src/main/AndroidManifest.xml:22:46-77
34            <intent-filter>
34-->src/main/AndroidManifest.xml:23:13-28:29
35                <action android:name="android.intent.action.MAIN" />
35-->src/main/AndroidManifest.xml:24:17-25:65
35-->src/main/AndroidManifest.xml:25:21-62
36
37                <category android:name="android.intent.category.LAUNCHER" />
37-->src/main/AndroidManifest.xml:26:17-27:71
37-->src/main/AndroidManifest.xml:27:21-68
38            </intent-filter>
39        </activity>
40
41        <!-- Used for transferring files  after a successful connection -->
42        <service
42-->src/main/AndroidManifest.xml:32:9-79
43            android:name="com.example.android.wifidirect.FileTransferService"
43-->src/main/AndroidManifest.xml:32:41-76
44            android:enabled="true" />
44-->src/main/AndroidManifest.xml:32:18-40
45    </application>
46
47</manifest>